
=========================================
TIMESTAMP: 2026-06-21T18:58:54.756Z
TO: admin@onejanitorial.com
SUBJECT: Password Reset Request
-----------------------------------------
TEXT BODY:
Hello admin,

We received a request to reset your password.

Click below to create a new password:

http://localhost:3000/reset-password/ff8335853818bb5f17502c71b31271a0a2747d1695bdb19fb8763aaa235d0a6e

This link expires in 30 minutes.

If you did not request this change, ignore this email.
-----------------------------------------
HTML BODY:

    <div style="font-family: Arial, sans-serif; max-width: 600px; margin: 0 auto; padding: 20px; border: 1px solid #E5E7EB; border-radius: 4px; background-color: #FFFFFF;">
      <div style="background-color: #001F3F; padding: 15px; text-align: center; border-radius: 4px 4px 0 0;">
        <h2 style="color: #FFFFFF; margin: 0; font-size: 20px; letter-spacing: 0.5px;">One Janitorial Operations</h2>
      </div>
      <div style="padding: 20px;">
        <p style="font-size: 16px; color: #111827;">Hello <strong>admin</strong>,</p>
        <p style="font-size: 14px; color: #4B5563; line-height: 1.5;">We received a request to reset your password.</p>
        <p style="font-size: 14px; color: #4B5563; line-height: 1.5;">Click the button below to create a new password:</p>
        <div style="text-align: center; margin: 30px 0;">
          <a href="http://localhost:3000/reset-password/ff8335853818bb5f17502c71b31271a0a2747d1695bdb19fb8763aaa235d0a6e" target="_blank" style="background-color: #00A8E8; color: #FFFFFF; text-decoration: none; padding: 10px 20px; font-size: 14px; font-weight: bold; border-radius: 4px; display: inline-block;">
            Reset Password
          </a>
        </div>
        <p style="font-size: 12px; color: #9CA3AF; line-height: 1.5;">
          Or copy and paste this URL into your browser: <br/>
          <a href="http://localhost:3000/reset-password/ff8335853818bb5f17502c71b31271a0a2747d1695bdb19fb8763aaa235d0a6e" style="color: #00A8E8;">http://localhost:3000/reset-password/ff8335853818bb5f17502c71b31271a0a2747d1695bdb19fb8763aaa235d0a6e</a>
        </p>
        <p style="font-size: 14px; color: #4B5563; line-height: 1.5; margin-top: 20px;">This link expires in 30 minutes.</p>
        <p style="font-size: 14px; color: #9CA3AF; line-height: 1.5; margin-top: 20px; border-top: 1px solid #E5E7EB; padding-top: 15px;">
          If you did not request this change, you can safely ignore this email.
        </p>
      </div>
    </div>
  
=========================================


=========================================
TIMESTAMP: 2026-06-21T19:10:47.890Z
TO: testrecovery@onejanitorial.com
SUBJECT: Password Reset Request
-----------------------------------------
TEXT BODY:
Hello testrecovery,

We received a request to reset your password.

Click below to create a new password:

http://localhost:3000/reset-password/6562fe448778ed4b8d7e712bdba959bc0995880e48dba7464e0737f3130a03bd

This link expires in 30 minutes.

If you did not request this change, ignore this email.
-----------------------------------------
HTML BODY:

    <div style="font-family: Arial, sans-serif; max-width: 600px; margin: 0 auto; padding: 20px; border: 1px solid #E5E7EB; border-radius: 4px; background-color: #FFFFFF;">
      <div style="background-color: #001F3F; padding: 15px; text-align: center; border-radius: 4px 4px 0 0;">
        <h2 style="color: #FFFFFF; margin: 0; font-size: 20px; letter-spacing: 0.5px;">One Janitorial Operations</h2>
      </div>
      <div style="padding: 20px;">
        <p style="font-size: 16px; color: #111827;">Hello <strong>testrecovery</strong>,</p>
        <p style="font-size: 14px; color: #4B5563; line-height: 1.5;">We received a request to reset your password.</p>
        <p style="font-size: 14px; color: #4B5563; line-height: 1.5;">Click the button below to create a new password:</p>
        <div style="text-align: center; margin: 30px 0;">
          <a href="http://localhost:3000/reset-password/6562fe448778ed4b8d7e712bdba959bc0995880e48dba7464e0737f3130a03bd" target="_blank" style="background-color: #00A8E8; color: #FFFFFF; text-decoration: none; padding: 10px 20px; font-size: 14px; font-weight: bold; border-radius: 4px; display: inline-block;">
            Reset Password
          </a>
        </div>
        <p style="font-size: 12px; color: #9CA3AF; line-height: 1.5;">
          Or copy and paste this URL into your browser: <br/>
          <a href="http://localhost:3000/reset-password/6562fe448778ed4b8d7e712bdba959bc0995880e48dba7464e0737f3130a03bd" style="color: #00A8E8;">http://localhost:3000/reset-password/6562fe448778ed4b8d7e712bdba959bc0995880e48dba7464e0737f3130a03bd</a>
        </p>
        <p style="font-size: 14px; color: #4B5563; line-height: 1.5; margin-top: 20px;">This link expires in 30 minutes.</p>
        <p style="font-size: 14px; color: #9CA3AF; line-height: 1.5; margin-top: 20px; border-top: 1px solid #E5E7EB; padding-top: 15px;">
          If you did not request this change, you can safely ignore this email.
        </p>
      </div>
    </div>
  
=========================================


=========================================
TIMESTAMP: 2026-06-21T19:10:48.755Z
TO: testrecovery@onejanitorial.com
SUBJECT: Security Alert: Account Locked
-----------------------------------------
TEXT BODY:
Hello testrecovery,

Your account has been locked for 15 minutes due to 5 consecutive failed login attempts.

If you did not request this change, please contact your security administrator immediately.
-----------------------------------------
HTML BODY:

    <div style="font-family: Arial, sans-serif; max-width: 600px; margin: 0 auto; padding: 20px; border: 1px solid #EF4444; border-radius: 4px; background-color: #FFFFFF;">
      <div style="background-color: #EF4444; padding: 15px; text-align: center; border-radius: 4px 4px 0 0;">
        <h2 style="color: #FFFFFF; margin: 0; font-size: 20px; letter-spacing: 0.5px;">Security Alert</h2>
      </div>
      <div style="padding: 20px;">
        <p style="font-size: 16px; color: #111827;">Hello <strong>testrecovery</strong>,</p>
        <p style="font-size: 14px; color: #4B5563; line-height: 1.5;">Your account has been locked for <strong>15 minutes</strong> due to 5 consecutive failed login attempts.</p>
        <p style="font-size: 14px; color: #EF4444; font-weight: bold; line-height: 1.5; margin-top: 20px;">
          If you did not perform these actions, please contact your security administrator immediately.
        </p>
      </div>
    </div>
  
=========================================


=========================================
TIMESTAMP: 2026-06-21T19:11:46.556Z
TO: testrecovery_1782069106170@onejanitorial.com
SUBJECT: Password Reset Request
-----------------------------------------
TEXT BODY:
Hello testrecovery_1782069106170,

We received a request to reset your password.

Click below to create a new password:

http://localhost:3000/reset-password/d4a85fceeb0da338e33a86c9482ab4fe6b7c51f7eebbbe1593e1e816988bc69a

This link expires in 30 minutes.

If you did not request this change, ignore this email.
-----------------------------------------
HTML BODY:

    <div style="font-family: Arial, sans-serif; max-width: 600px; margin: 0 auto; padding: 20px; border: 1px solid #E5E7EB; border-radius: 4px; background-color: #FFFFFF;">
      <div style="background-color: #001F3F; padding: 15px; text-align: center; border-radius: 4px 4px 0 0;">
        <h2 style="color: #FFFFFF; margin: 0; font-size: 20px; letter-spacing: 0.5px;">One Janitorial Operations</h2>
      </div>
      <div style="padding: 20px;">
        <p style="font-size: 16px; color: #111827;">Hello <strong>testrecovery_1782069106170</strong>,</p>
        <p style="font-size: 14px; color: #4B5563; line-height: 1.5;">We received a request to reset your password.</p>
        <p style="font-size: 14px; color: #4B5563; line-height: 1.5;">Click the button below to create a new password:</p>
        <div style="text-align: center; margin: 30px 0;">
          <a href="http://localhost:3000/reset-password/d4a85fceeb0da338e33a86c9482ab4fe6b7c51f7eebbbe1593e1e816988bc69a" target="_blank" style="background-color: #00A8E8; color: #FFFFFF; text-decoration: none; padding: 10px 20px; font-size: 14px; font-weight: bold; border-radius: 4px; display: inline-block;">
            Reset Password
          </a>
        </div>
        <p style="font-size: 12px; color: #9CA3AF; line-height: 1.5;">
          Or copy and paste this URL into your browser: <br/>
          <a href="http://localhost:3000/reset-password/d4a85fceeb0da338e33a86c9482ab4fe6b7c51f7eebbbe1593e1e816988bc69a" style="color: #00A8E8;">http://localhost:3000/reset-password/d4a85fceeb0da338e33a86c9482ab4fe6b7c51f7eebbbe1593e1e816988bc69a</a>
        </p>
        <p style="font-size: 14px; color: #4B5563; line-height: 1.5; margin-top: 20px;">This link expires in 30 minutes.</p>
        <p style="font-size: 14px; color: #9CA3AF; line-height: 1.5; margin-top: 20px; border-top: 1px solid #E5E7EB; padding-top: 15px;">
          If you did not request this change, you can safely ignore this email.
        </p>
      </div>
    </div>
  
=========================================


=========================================
TIMESTAMP: 2026-06-21T19:11:47.436Z
TO: testrecovery_1782069106170@onejanitorial.com
SUBJECT: Security Alert: Account Locked
-----------------------------------------
TEXT BODY:
Hello testrecovery_1782069106170,

Your account has been locked for 15 minutes due to 5 consecutive failed login attempts.

If you did not request this change, please contact your security administrator immediately.
-----------------------------------------
HTML BODY:

    <div style="font-family: Arial, sans-serif; max-width: 600px; margin: 0 auto; padding: 20px; border: 1px solid #EF4444; border-radius: 4px; background-color: #FFFFFF;">
      <div style="background-color: #EF4444; padding: 15px; text-align: center; border-radius: 4px 4px 0 0;">
        <h2 style="color: #FFFFFF; margin: 0; font-size: 20px; letter-spacing: 0.5px;">Security Alert</h2>
      </div>
      <div style="padding: 20px;">
        <p style="font-size: 16px; color: #111827;">Hello <strong>testrecovery_1782069106170</strong>,</p>
        <p style="font-size: 14px; color: #4B5563; line-height: 1.5;">Your account has been locked for <strong>15 minutes</strong> due to 5 consecutive failed login attempts.</p>
        <p style="font-size: 14px; color: #EF4444; font-weight: bold; line-height: 1.5; margin-top: 20px;">
          If you did not perform these actions, please contact your security administrator immediately.
        </p>
      </div>
    </div>
  
=========================================


=========================================
TIMESTAMP: 2026-06-21T19:19:59.034Z
TO: testrecovery_1782069598685@onejanitorial.com
SUBJECT: Password Reset Request
-----------------------------------------
TEXT BODY:
Hello testrecovery_1782069598685,

We received a request to reset your password.

Click below to create a new password:

http://localhost:3000/reset-password/627b93b5403720170b9d152247b2d68887cccccde6e12b323159885c0a0ae2f8

This link expires in 30 minutes.

If you did not request this change, ignore this email.
-----------------------------------------
HTML BODY:

    <div style="font-family: Arial, sans-serif; max-width: 600px; margin: 0 auto; padding: 20px; border: 1px solid #E5E7EB; border-radius: 4px; background-color: #FFFFFF;">
      <div style="background-color: #001F3F; padding: 15px; text-align: center; border-radius: 4px 4px 0 0;">
        <h2 style="color: #FFFFFF; margin: 0; font-size: 20px; letter-spacing: 0.5px;">One Janitorial Operations</h2>
      </div>
      <div style="padding: 20px;">
        <p style="font-size: 16px; color: #111827;">Hello <strong>testrecovery_1782069598685</strong>,</p>
        <p style="font-size: 14px; color: #4B5563; line-height: 1.5;">We received a request to reset your password.</p>
        <p style="font-size: 14px; color: #4B5563; line-height: 1.5;">Click the button below to create a new password:</p>
        <div style="text-align: center; margin: 30px 0;">
          <a href="http://localhost:3000/reset-password/627b93b5403720170b9d152247b2d68887cccccde6e12b323159885c0a0ae2f8" target="_blank" style="background-color: #00A8E8; color: #FFFFFF; text-decoration: none; padding: 10px 20px; font-size: 14px; font-weight: bold; border-radius: 4px; display: inline-block;">
            Reset Password
          </a>
        </div>
        <p style="font-size: 12px; color: #9CA3AF; line-height: 1.5;">
          Or copy and paste this URL into your browser: <br/>
          <a href="http://localhost:3000/reset-password/627b93b5403720170b9d152247b2d68887cccccde6e12b323159885c0a0ae2f8" style="color: #00A8E8;">http://localhost:3000/reset-password/627b93b5403720170b9d152247b2d68887cccccde6e12b323159885c0a0ae2f8</a>
        </p>
        <p style="font-size: 14px; color: #4B5563; line-height: 1.5; margin-top: 20px;">This link expires in 30 minutes.</p>
        <p style="font-size: 14px; color: #9CA3AF; line-height: 1.5; margin-top: 20px; border-top: 1px solid #E5E7EB; padding-top: 15px;">
          If you did not request this change, you can safely ignore this email.
        </p>
      </div>
    </div>
  
=========================================


=========================================
TIMESTAMP: 2026-06-21T19:19:59.880Z
TO: testrecovery_1782069598685@onejanitorial.com
SUBJECT: Security Alert: Account Locked
-----------------------------------------
TEXT BODY:
Hello testrecovery_1782069598685,

Your account has been locked for 15 minutes due to 5 consecutive failed login attempts.

If you did not request this change, please contact your security administrator immediately.
-----------------------------------------
HTML BODY:

    <div style="font-family: Arial, sans-serif; max-width: 600px; margin: 0 auto; padding: 20px; border: 1px solid #EF4444; border-radius: 4px; background-color: #FFFFFF;">
      <div style="background-color: #EF4444; padding: 15px; text-align: center; border-radius: 4px 4px 0 0;">
        <h2 style="color: #FFFFFF; margin: 0; font-size: 20px; letter-spacing: 0.5px;">Security Alert</h2>
      </div>
      <div style="padding: 20px;">
        <p style="font-size: 16px; color: #111827;">Hello <strong>testrecovery_1782069598685</strong>,</p>
        <p style="font-size: 14px; color: #4B5563; line-height: 1.5;">Your account has been locked for <strong>15 minutes</strong> due to 5 consecutive failed login attempts.</p>
        <p style="font-size: 14px; color: #EF4444; font-weight: bold; line-height: 1.5; margin-top: 20px;">
          If you did not perform these actions, please contact your security administrator immediately.
        </p>
      </div>
    </div>
  
=========================================


=========================================
TIMESTAMP: 2026-06-23T15:34:26.381Z
TO: admin@onejanitorial.com
SUBJECT: Security Alert: Account Locked
-----------------------------------------
TEXT BODY:
Hello admin,

Your account has been locked for 15 minutes due to 5 consecutive failed login attempts.

If you did not request this change, please contact your security administrator immediately.
-----------------------------------------
HTML BODY:

    <div style="font-family: Arial, sans-serif; max-width: 600px; margin: 0 auto; padding: 20px; border: 1px solid #EF4444; border-radius: 4px; background-color: #FFFFFF;">
      <div style="background-color: #EF4444; padding: 15px; text-align: center; border-radius: 4px 4px 0 0;">
        <h2 style="color: #FFFFFF; margin: 0; font-size: 20px; letter-spacing: 0.5px;">Security Alert</h2>
      </div>
      <div style="padding: 20px;">
        <p style="font-size: 16px; color: #111827;">Hello <strong>admin</strong>,</p>
        <p style="font-size: 14px; color: #4B5563; line-height: 1.5;">Your account has been locked for <strong>15 minutes</strong> due to 5 consecutive failed login attempts.</p>
        <p style="font-size: 14px; color: #EF4444; font-weight: bold; line-height: 1.5; margin-top: 20px;">
          If you did not perform these actions, please contact your security administrator immediately.
        </p>
      </div>
    </div>
  
=========================================

